<?xml version="1.0" encoding="UTF-8"?>
<!-- Generated by org.testng.reporters.JUnitXMLReporter -->
<testsuite ignored="2" hostname="DESKTOP-7UM4BHF" failures="0" tests="2" name="Test" time="13.898" errors="0" timestamp="2024-07-05T09:25:40 IST">
  <testcase classname="scripts.TC1" name="test1" time="0.023"/>
  <testcase classname="scripts.TC2" name="test2" time="0.018"/>
  <testcase classname="generic.BaseTest" name="@BeforeSuite createReport" time="0.0">
    <ignored/>
  </testcase> <!-- @BeforeSuite createReport -->
  <testcase classname="generic.BaseTest" name="@AfterSuite publishReport" time="0.0">
    <ignored/>
  </testcase> <!-- @AfterSuite publishReport -->
</testsuite> <!-- Test -->
