<?xml version="1.0" encoding="UTF-8"?>
<testng-results ignored="0" total="2" passed="2" failed="0" skipped="0">
  <reporter-output>
  </reporter-output>
  <suite started-at="2024-07-05T09:25:26 IST" name="Suite" finished-at="2024-07-05T09:25:40 IST" duration-ms="13898">
    <groups>
    </groups>
    <test started-at="2024-07-05T09:25:26 IST" name="Test" finished-at="2024-07-05T09:25:40 IST" duration-ms="13898">
      <class name="scripts.TC1">
        <test-method is-config="true" signature="createReport()[pri:0, instance:scripts.TC1@293a5bf6]" started-at="2024-07-05T09:25:25 IST" name="createReport" finished-at="2024-07-05T09:25:26 IST" duration-ms="350" status="PASS">
          <reporter-output>
          </reporter-output>
        </test-method> <!-- createReport -->
        <test-method is-config="true" signature="preCondition(java.lang.reflect.Method)[pri:0, instance:scripts.TC1@293a5bf6]" started-at="2024-07-05T09:25:26 IST" name="preCondition" finished-at="2024-07-05T09:25:32 IST" duration-ms="6553" status="PASS">
          <params>
            <param index="0">
              <value>
                <![CDATA[public void scripts.TC1.test1()]]>
              </value>
            </param>
          </params>
          <reporter-output>
          </reporter-output>
        </test-method> <!-- preCondition -->
        <test-method signature="test1()[pri:0, instance:scripts.TC1@293a5bf6]" started-at="2024-07-05T09:25:32 IST" name="test1" finished-at="2024-07-05T09:25:32 IST" duration-ms="23" status="PASS">
          <reporter-output>
          </reporter-output>
        </test-method> <!-- test1 -->
        <test-method is-config="true" signature="postCondition(org.testng.ITestResult)[pri:0, instance:scripts.TC1@293a5bf6]" started-at="2024-07-05T09:25:32 IST" name="postCondition" finished-at="2024-07-05T09:25:34 IST" duration-ms="1379" status="PASS">
          <params>
            <param index="0">
              <value>
                <![CDATA[[TestResult name=test1 status=SUCCESS method=TC1.test1()[pri:0, instance:scripts.TC1@293a5bf6] output={null}]]]>
              </value>
            </param>
          </params>
          <reporter-output>
          </reporter-output>
        </test-method> <!-- postCondition -->
        <test-method is-config="true" signature="publishReport()[pri:0, instance:scripts.TC1@293a5bf6]" started-at="2024-07-05T09:25:40 IST" name="publishReport" finished-at="2024-07-05T09:25:40 IST" duration-ms="499" status="PASS">
          <reporter-output>
          </reporter-output>
        </test-method> <!-- publishReport -->
      </class> <!-- scripts.TC1 -->
      <class name="scripts.TC2">
        <test-method is-config="true" signature="preCondition(java.lang.reflect.Method)[pri:0, instance:scripts.TC2@3349e9bb]" started-at="2024-07-05T09:25:34 IST" name="preCondition" finished-at="2024-07-05T09:25:38 IST" duration-ms="4509" status="PASS">
          <params>
            <param index="0">
              <value>
                <![CDATA[public void scripts.TC2.test2()]]>
              </value>
            </param>
          </params>
          <reporter-output>
          </reporter-output>
        </test-method> <!-- preCondition -->
        <test-method signature="test2()[pri:0, instance:scripts.TC2@3349e9bb]" started-at="2024-07-05T09:25:38 IST" name="test2" finished-at="2024-07-05T09:25:38 IST" duration-ms="18" status="PASS">
          <reporter-output>
          </reporter-output>
        </test-method> <!-- test2 -->
        <test-method is-config="true" signature="postCondition(org.testng.ITestResult)[pri:0, instance:scripts.TC2@3349e9bb]" started-at="2024-07-05T09:25:38 IST" name="postCondition" finished-at="2024-07-05T09:25:40 IST" duration-ms="1355" status="PASS">
          <params>
            <param index="0">
              <value>
                <![CDATA[[TestResult name=test2 status=SUCCESS method=TC2.test2()[pri:0, instance:scripts.TC2@3349e9bb] output={null}]]]>
              </value>
            </param>
          </params>
          <reporter-output>
          </reporter-output>
        </test-method> <!-- postCondition -->
      </class> <!-- scripts.TC2 -->
    </test> <!-- Test -->
  </suite> <!-- Suite -->
</testng-results>
